2026-03-01T07:13:53.862Z - OPTIONS /api/students - Base:  - Path: /api/students
2026-03-01T07:13:53.861Z - OPTIONS /api/students - Base:  - Path: /api/students
2026-03-01T07:13:53.865Z - GET /api/students - Base:  - Path: /api/students
2026-03-01T07:13:53.873Z - GET /api/students - Base:  - Path: /api/students
2026-03-01T07:14:03.421Z - OPTIONS /api/students - Base:  - Path: /api/students
2026-03-01T07:14:03.421Z - OPTIONS /api/students - Base:  - Path: /api/students
2026-03-01T07:14:03.428Z - GET /api/students - Base:  - Path: /api/students
2026-03-01T07:14:03.432Z - GET /api/students - Base:  - Path: /api/students
2026-03-01T07:14:04.500Z - GET /api/students - Base:  - Path: /api/students
2026-03-01T07:14:04.509Z - GET /api/students - Base:  - Path: /api/students
2026-03-01T07:14:05.442Z - GET /api/students - Base:  - Path: /api/students
2026-03-01T07:14:05.448Z - GET /api/students - Base:  - Path: /api/students
2026-03-01T07:14:06.434Z - GET /api/students - Base:  - Path: /api/students
2026-03-01T07:14:06.447Z - GET /api/students - Base:  - Path: /api/students
2026-03-01T07:14:20.356Z - OPTIONS /api/auth/check-email - Base:  - Path: /api/auth/check-email
2026-03-01T07:14:20.358Z - POST /api/auth/check-email - Base:  - Path: /api/auth/check-email
2026-03-01T07:14:26.540Z - OPTIONS /api/auth/check-email - Base:  - Path: /api/auth/check-email
2026-03-01T07:14:26.543Z - POST /api/auth/check-email - Base:  - Path: /api/auth/check-email
2026-03-01T07:14:29.291Z - OPTIONS /api/auth/login - Base:  - Path: /api/auth/login
2026-03-01T07:14:29.294Z - POST /api/auth/login - Base:  - Path: /api/auth/login
2026-03-01T07:14:30.869Z - OPTIONS /api/students - Base:  - Path: /api/students
2026-03-01T07:14:30.870Z - OPTIONS /api/students - Base:  - Path: /api/students
2026-03-01T07:14:30.875Z - GET /api/students - Base:  - Path: /api/students
2026-03-01T07:14:30.894Z - GET /api/students - Base:  - Path: /api/students
2026-03-01T07:36:52.076Z - OPTIONS /api/students - Base:  - Path: /api/students
2026-03-01T07:36:52.089Z - OPTIONS /api/students - Base:  - Path: /api/students
2026-03-01T07:36:52.097Z - GET /api/students - Base:  - Path: /api/students
2026-03-01T07:36:52.128Z - GET /api/students - Base:  - Path: /api/students
2026-03-01T07:36:52.130Z - OPTIONS /api/auth/refresh - Base:  - Path: /api/auth/refresh
2026-03-01T07:36:52.133Z - OPTIONS /api/auth/refresh - Base:  - Path: /api/auth/refresh
2026-03-01T07:36:52.133Z - POST /api/auth/refresh - Base:  - Path: /api/auth/refresh
2026-03-01T07:36:52.173Z - POST /api/auth/refresh - Base:  - Path: /api/auth/refresh
2026-03-01T07:36:52.273Z - GET /api/students - Base:  - Path: /api/students
2026-03-01T07:36:52.289Z - GET /api/students - Base:  - Path: /api/students
2026-03-01T07:36:56.530Z - OPTIONS /api/auth/check-email - Base:  - Path: /api/auth/check-email
2026-03-01T07:36:56.533Z - POST /api/auth/check-email - Base:  - Path: /api/auth/check-email
2026-03-01T07:36:58.434Z - OPTIONS /api/auth/login - Base:  - Path: /api/auth/login
2026-03-01T07:36:58.439Z - POST /api/auth/login - Base:  - Path: /api/auth/login
2026-03-01T07:36:58.627Z - OPTIONS /api/organizations - Base:  - Path: /api/organizations
2026-03-01T07:36:58.636Z - OPTIONS /api/users - Base:  - Path: /api/users
2026-03-01T07:36:58.646Z - OPTIONS /api/organizations - Base:  - Path: /api/organizations
2026-03-01T07:36:58.646Z - OPTIONS /api/users - Base:  - Path: /api/users
2026-03-01T07:36:58.653Z - GET /api/organizations - Base:  - Path: /api/organizations
2026-03-01T07:36:58.653Z - GET /api/users - Base:  - Path: /api/users
2026-03-01T07:36:58.704Z - GET /api/users - Base:  - Path: /api/users
2026-03-01T07:36:58.720Z - GET /api/organizations - Base:  - Path: /api/organizations
2026-03-01T07:37:08.686Z - OPTIONS /api/auth/check-email - Base:  - Path: /api/auth/check-email
2026-03-01T07:37:08.690Z - POST /api/auth/check-email - Base:  - Path: /api/auth/check-email
2026-03-01T07:56:01.561Z - OPTIONS /api/profile - Base:  - Path: /api/profile
2026-03-01T07:56:01.570Z - OPTIONS /api/auth/check-email - Base:  - Path: /api/auth/check-email
2026-03-01T07:56:01.570Z - OPTIONS /api/jobs - Base:  - Path: /api/jobs
2026-03-01T07:56:01.576Z - OPTIONS /api/profile - Base:  - Path: /api/profile
2026-03-01T07:56:01.576Z - OPTIONS /api/jobs - Base:  - Path: /api/jobs
2026-03-01T07:56:01.580Z - GET /api/profile - Base:  - Path: /api/profile
2026-03-01T07:56:01.581Z - POST /api/auth/check-email - Base:  - Path: /api/auth/check-email
2026-03-01T07:56:01.582Z - GET /api/jobs - Base:  - Path: /api/jobs
2026-03-01T07:56:01.626Z - GET /api/profile - Base:  - Path: /api/profile
2026-03-01T07:56:01.626Z - OPTIONS /api/auth/refresh - Base:  - Path: /api/auth/refresh
2026-03-01T07:56:01.631Z - GET /api/jobs - Base:  - Path: /api/jobs
2026-03-01T07:56:01.631Z - OPTIONS /api/auth/refresh - Base:  - Path: /api/auth/refresh
2026-03-01T07:56:01.634Z - POST /api/auth/refresh - Base:  - Path: /api/auth/refresh
2026-03-01T07:56:01.634Z - POST /api/auth/refresh - Base:  - Path: /api/auth/refresh
2026-03-01T07:56:01.634Z - POST /api/auth/refresh - Base:  - Path: /api/auth/refresh
2026-03-01T07:56:01.638Z - POST /api/auth/refresh - Base:  - Path: /api/auth/refresh
2026-03-01T07:56:01.723Z - GET /api/jobs - Base:  - Path: /api/jobs
2026-03-01T07:56:01.724Z - GET /api/profile - Base:  - Path: /api/profile
2026-03-01T07:56:01.743Z - GET /api/profile - Base:  - Path: /api/profile
2026-03-01T07:56:01.748Z - GET /api/jobs - Base:  - Path: /api/jobs
2026-03-01T07:56:05.137Z - OPTIONS /api/auth/login - Base:  - Path: /api/auth/login
2026-03-01T07:56:05.153Z - POST /api/auth/login - Base:  - Path: /api/auth/login
2026-03-01T07:56:05.516Z - OPTIONS /api/organizations - Base:  - Path: /api/organizations
2026-03-01T07:56:05.516Z - OPTIONS /api/users - Base:  - Path: /api/users
2026-03-01T07:56:05.519Z - OPTIONS /api/users - Base:  - Path: /api/users
2026-03-01T07:56:05.518Z - OPTIONS /api/organizations - Base:  - Path: /api/organizations
2026-03-01T07:56:05.551Z - GET /api/organizations - Base:  - Path: /api/organizations
2026-03-01T07:56:05.552Z - GET /api/users - Base:  - Path: /api/users
2026-03-01T07:56:05.552Z - GET /api/organizations - Base:  - Path: /api/organizations
2026-03-01T07:56:05.576Z - GET /api/users - Base:  - Path: /api/users
2026-03-01T07:56:16.578Z - OPTIONS /api/profile - Base:  - Path: /api/profile
2026-03-01T07:56:16.583Z - PATCH /api/profile - Base:  - Path: /api/profile
2026-03-01T07:57:48.723Z - POST /api/auth/change-password - Base:  - Path: /api/auth/change-password
2026-03-01T07:57:55.970Z - POST /api/auth/change-password - Base:  - Path: /api/auth/change-password
2026-03-01T07:57:59.470Z - OPTIONS /api/profile - Base:  - Path: /api/profile
2026-03-01T07:57:59.476Z - PATCH /api/profile - Base:  - Path: /api/profile
2026-03-01T08:20:14.125Z - OPTIONS /api/organizations - Base:  - Path: /api/organizations
2026-03-01T08:20:14.161Z - OPTIONS /api/users - Base:  - Path: /api/users
2026-03-01T08:20:14.162Z - OPTIONS /api/users - Base:  - Path: /api/users
2026-03-01T08:20:14.162Z - OPTIONS /api/organizations - Base:  - Path: /api/organizations
2026-03-01T08:20:14.185Z - GET /api/users - Base:  - Path: /api/users
2026-03-01T08:20:14.186Z - GET /api/users - Base:  - Path: /api/users
2026-03-01T08:20:14.187Z - GET /api/organizations - Base:  - Path: /api/organizations
2026-03-01T08:20:14.187Z - GET /api/organizations - Base:  - Path: /api/organizations
2026-03-01T08:20:14.494Z - OPTIONS /api/auth/refresh - Base:  - Path: /api/auth/refresh
2026-03-01T08:20:14.606Z - OPTIONS /api/auth/refresh - Base:  - Path: /api/auth/refresh
2026-03-01T08:20:14.607Z - OPTIONS /api/auth/refresh - Base:  - Path: /api/auth/refresh
2026-03-01T08:20:14.607Z - POST /api/auth/refresh - Base:  - Path: /api/auth/refresh
2026-03-01T08:20:14.678Z - OPTIONS /api/auth/refresh - Base:  - Path: /api/auth/refresh
2026-03-01T08:20:14.874Z - POST /api/auth/refresh - Base:  - Path: /api/auth/refresh
2026-03-01T08:20:14.874Z - POST /api/auth/refresh - Base:  - Path: /api/auth/refresh
2026-03-01T08:20:14.874Z - POST /api/auth/refresh - Base:  - Path: /api/auth/refresh
2026-03-01T08:20:15.114Z - OPTIONS /api/users - Base:  - Path: /api/users
2026-03-01T08:20:15.114Z - OPTIONS /api/organizations - Base:  - Path: /api/organizations
2026-03-01T08:20:15.115Z - OPTIONS /api/organizations - Base:  - Path: /api/organizations
2026-03-01T08:20:15.117Z - OPTIONS /api/users - Base:  - Path: /api/users
2026-03-01T08:20:15.121Z - GET /api/users - Base:  - Path: /api/users
2026-03-01T08:20:15.140Z - GET /api/organizations - Base:  - Path: /api/organizations
2026-03-01T08:20:15.143Z - GET /api/users - Base:  - Path: /api/users
2026-03-01T08:20:15.143Z - GET /api/organizations - Base:  - Path: /api/organizations
2026-03-01T08:39:31.331Z - OPTIONS /api/organizations - Base:  - Path: /api/organizations
2026-03-01T08:39:31.331Z - OPTIONS /api/users - Base:  - Path: /api/users
2026-03-01T08:39:31.331Z - OPTIONS /api/users - Base:  - Path: /api/users
2026-03-01T08:39:31.321Z - OPTIONS /api/organizations - Base:  - Path: /api/organizations
2026-03-01T08:39:31.357Z - GET /api/organizations - Base:  - Path: /api/organizations
2026-03-01T08:39:31.357Z - GET /api/users - Base:  - Path: /api/users
2026-03-01T08:39:31.357Z - GET /api/users - Base:  - Path: /api/users
2026-03-01T08:39:31.391Z - GET /api/organizations - Base:  - Path: /api/organizations
2026-03-01T08:39:31.409Z - OPTIONS /api/auth/refresh - Base:  - Path: /api/auth/refresh
2026-03-01T08:39:31.410Z - OPTIONS /api/auth/refresh - Base:  - Path: /api/auth/refresh
2026-03-01T08:39:31.410Z - OPTIONS /api/auth/refresh - Base:  - Path: /api/auth/refresh
2026-03-01T08:39:31.488Z - POST /api/auth/refresh - Base:  - Path: /api/auth/refresh
2026-03-01T08:39:31.489Z - OPTIONS /api/auth/refresh - Base:  - Path: /api/auth/refresh
2026-03-01T08:39:31.504Z - POST /api/auth/refresh - Base:  - Path: /api/auth/refresh
2026-03-01T08:39:31.504Z - POST /api/auth/refresh - Base:  - Path: /api/auth/refresh
2026-03-01T08:39:31.539Z - POST /api/auth/refresh - Base:  - Path: /api/auth/refresh
2026-03-01T08:39:32.159Z - OPTIONS /api/organizations - Base:  - Path: /api/organizations
2026-03-01T08:39:32.159Z - OPTIONS /api/users - Base:  - Path: /api/users
2026-03-01T08:39:32.159Z - OPTIONS /api/users - Base:  - Path: /api/users
2026-03-01T08:39:32.159Z - OPTIONS /api/organizations - Base:  - Path: /api/organizations
2026-03-01T08:39:32.165Z - GET /api/organizations - Base:  - Path: /api/organizations
2026-03-01T08:39:32.165Z - GET /api/users - Base:  - Path: /api/users
2026-03-01T08:39:32.168Z - GET /api/users - Base:  - Path: /api/users
2026-03-01T08:39:32.168Z - GET /api/organizations - Base:  - Path: /api/organizations
2026-03-01T08:39:33.069Z - OPTIONS /api/users - Base:  - Path: /api/users
2026-03-01T08:39:33.069Z - OPTIONS /api/organizations - Base:  - Path: /api/organizations
2026-03-01T08:39:33.070Z - OPTIONS /api/users - Base:  - Path: /api/users
2026-03-01T08:39:33.072Z - OPTIONS /api/organizations - Base:  - Path: /api/organizations
2026-03-01T08:39:33.079Z - GET /api/users - Base:  - Path: /api/users
2026-03-01T08:39:33.084Z - GET /api/organizations - Base:  - Path: /api/organizations
2026-03-01T08:39:33.083Z - GET /api/users - Base:  - Path: /api/users
2026-03-01T08:39:33.085Z - GET /api/organizations - Base:  - Path: /api/organizations
2026-03-01T08:39:34.680Z - OPTIONS /api/organizations - Base:  - Path: /api/organizations
2026-03-01T08:39:34.681Z - OPTIONS /api/users - Base:  - Path: /api/users
2026-03-01T08:39:34.681Z - OPTIONS /api/organizations - Base:  - Path: /api/organizations
2026-03-01T08:39:34.681Z - OPTIONS /api/users - Base:  - Path: /api/users
2026-03-01T08:39:34.690Z - GET /api/organizations - Base:  - Path: /api/organizations
2026-03-01T08:39:34.696Z - GET /api/organizations - Base:  - Path: /api/organizations
2026-03-01T08:39:34.696Z - GET /api/users - Base:  - Path: /api/users
2026-03-01T08:39:34.696Z - GET /api/users - Base:  - Path: /api/users
2026-03-01T08:39:35.536Z - OPTIONS /api/organizations - Base:  - Path: /api/organizations
2026-03-01T08:39:35.537Z - OPTIONS /api/organizations - Base:  - Path: /api/organizations
2026-03-01T08:39:35.537Z - OPTIONS /api/users - Base:  - Path: /api/users
2026-03-01T08:39:35.538Z - OPTIONS /api/users - Base:  - Path: /api/users
2026-03-01T08:39:35.564Z - GET /api/organizations - Base:  - Path: /api/organizations
2026-03-01T08:39:35.564Z - GET /api/organizations - Base:  - Path: /api/organizations
2026-03-01T08:39:35.564Z - GET /api/users - Base:  - Path: /api/users
2026-03-01T08:39:35.564Z - GET /api/users - Base:  - Path: /api/users
2026-03-01T08:39:41.769Z - OPTIONS /api/users - Base:  - Path: /api/users
2026-03-01T08:39:41.771Z - OPTIONS /api/organizations - Base:  - Path: /api/organizations
2026-03-01T08:39:41.772Z - OPTIONS /api/users - Base:  - Path: /api/users
2026-03-01T08:39:41.772Z - OPTIONS /api/organizations - Base:  - Path: /api/organizations
2026-03-01T08:39:41.781Z - GET /api/users - Base:  - Path: /api/users
2026-03-01T08:39:41.781Z - GET /api/users - Base:  - Path: /api/users
2026-03-01T08:39:41.792Z - GET /api/organizations - Base:  - Path: /api/organizations
2026-03-01T08:39:41.792Z - GET /api/organizations - Base:  - Path: /api/organizations
2026-03-01T08:39:44.420Z - OPTIONS /api/users - Base:  - Path: /api/users
2026-03-01T08:39:44.420Z - OPTIONS /api/organizations - Base:  - Path: /api/organizations
2026-03-01T08:39:44.421Z - OPTIONS /api/organizations - Base:  - Path: /api/organizations
2026-03-01T08:39:44.423Z - OPTIONS /api/users - Base:  - Path: /api/users
2026-03-01T08:39:44.432Z - GET /api/users - Base:  - Path: /api/users
2026-03-01T08:39:44.435Z - GET /api/organizations - Base:  - Path: /api/organizations
2026-03-01T08:39:44.437Z - GET /api/organizations - Base:  - Path: /api/organizations
2026-03-01T08:39:44.439Z - GET /api/users - Base:  - Path: /api/users
2026-03-01T08:39:45.881Z - OPTIONS /api/users - Base:  - Path: /api/users
2026-03-01T08:39:45.881Z - OPTIONS /api/organizations - Base:  - Path: /api/organizations
2026-03-01T08:39:45.881Z - OPTIONS /api/users - Base:  - Path: /api/users
2026-03-01T08:39:45.884Z - OPTIONS /api/organizations - Base:  - Path: /api/organizations
2026-03-01T08:39:45.898Z - GET /api/organizations - Base:  - Path: /api/organizations
2026-03-01T08:39:45.898Z - GET /api/users - Base:  - Path: /api/users
2026-03-01T08:39:45.899Z - GET /api/users - Base:  - Path: /api/users
2026-03-01T08:39:45.901Z - GET /api/organizations - Base:  - Path: /api/organizations
2026-03-01T08:45:35.891Z - OPTIONS /api/users - Base:  - Path: /api/users
2026-03-01T08:45:35.894Z - OPTIONS /api/organizations - Base:  - Path: /api/organizations
2026-03-01T08:45:35.894Z - OPTIONS /api/users - Base:  - Path: /api/users
2026-03-01T08:45:35.894Z - OPTIONS /api/organizations - Base:  - Path: /api/organizations
2026-03-01T08:45:35.928Z - GET /api/users - Base:  - Path: /api/users
2026-03-01T08:45:35.929Z - GET /api/users - Base:  - Path: /api/users
2026-03-01T08:45:35.929Z - GET /api/organizations - Base:  - Path: /api/organizations
2026-03-01T08:45:35.929Z - GET /api/organizations - Base:  - Path: /api/organizations
2026-03-01T08:46:20.155Z - OPTIONS /api/users - Base:  - Path: /api/users
2026-03-01T08:46:20.156Z - OPTIONS /api/users - Base:  - Path: /api/users
2026-03-01T08:46:20.156Z - OPTIONS /api/organizations - Base:  - Path: /api/organizations
2026-03-01T08:46:20.159Z - OPTIONS /api/organizations - Base:  - Path: /api/organizations
2026-03-01T08:46:20.186Z - GET /api/users - Base:  - Path: /api/users
2026-03-01T08:46:20.186Z - GET /api/users - Base:  - Path: /api/users
2026-03-01T08:46:20.227Z - GET /api/organizations - Base:  - Path: /api/organizations
2026-03-01T08:46:20.235Z - GET /api/organizations - Base:  - Path: /api/organizations
2026-03-01T08:51:08.890Z - OPTIONS /api/organizations - Base:  - Path: /api/organizations
2026-03-01T08:51:08.890Z - OPTIONS /api/users - Base:  - Path: /api/users
2026-03-01T08:51:08.890Z - OPTIONS /api/organizations - Base:  - Path: /api/organizations
2026-03-01T08:51:08.878Z - OPTIONS /api/users - Base:  - Path: /api/users
2026-03-01T08:51:08.954Z - GET /api/organizations - Base:  - Path: /api/organizations
2026-03-01T08:51:08.955Z - GET /api/users - Base:  - Path: /api/users
2026-03-01T08:51:08.956Z - GET /api/organizations - Base:  - Path: /api/organizations
2026-03-01T08:51:08.956Z - GET /api/users - Base:  - Path: /api/users
